1663717030: mosquitto version 2.0.15 starting
1663717030: Config loaded from /mosquitto/config/mosquitto.conf.
1663717030: Opening ipv4 listen socket on port 1883.
1663717030: Opening ipv6 listen socket on port 1883.
1663717030: mosquitto version 2.0.15 running
1663718831: Saving in-memory database to /mosquitto/data//mosquitto.db.
1663720632: Saving in-memory database to /mosquitto/data//mosquitto.db.
1663722433: Saving in-memory database to /mosquitto/data//mosquitto.db.
1663724234: Saving in-memory database to /mosquitto/data//mosquitto.db.
1663726035: Saving in-memory database to /mosquitto/data//mosquitto.db.
1663727836: Saving in-memory database to /mosquitto/data//mosquitto.db.
1663729637: Saving in-memory database to /mosquitto/data//mosquitto.db.
1663729660: mosquitto version 2.0.15 terminating
1663729660: Saving in-memory database to /mosquitto/data//mosquitto.db.
1663729663: mosquitto version 2.0.15 starting
1663729663: Config loaded from /mosquitto/config/mosquitto.conf.
1663729663: Opening ipv4 listen socket on port 1883.
1663729663: Opening ipv6 listen socket on port 1883.
1663729663: mosquitto version 2.0.15 running
1663729714: mosquitto version 2.0.15 terminating
1663729714: Saving in-memory database to /mosquitto/data//mosquitto.db.
1663729716: mosquitto version 2.0.15 starting
1663729716: Config loaded from /mosquitto/config/mosquitto.conf.
1663729716: Opening ipv4 listen socket on port 1883.
1663729716: Opening ipv6 listen socket on port 1883.
1663729716: mosquitto version 2.0.15 running
1663731544: Saving in-memory database to /mosquitto/data//mosquitto.db.
1663732086: mosquitto version 2.0.15 terminating
1663732086: Saving in-memory database to /mosquitto/data//mosquitto.db.
1663732090: mosquitto version 2.0.15 starting
1663732090: Config loaded from /mosquitto/config/mosquitto.conf.
1663732090: Opening ipv4 listen socket on port 1883.
1663732090: Opening ipv6 listen socket on port 1883.
1663732090: mosquitto version 2.0.15 running
1663732749: mosquitto version 2.0.15 terminating
1663732749: Saving in-memory database to /mosquitto/data//mosquitto.db.
1663732751: mosquitto version 2.0.15 starting
1663732751: Config loaded from /mosquitto/config/mosquitto.conf.
1663732751: Opening ipv4 listen socket on port 1883.
1663732751: Opening ipv6 listen socket on port 1883.
1663732751: mosquitto version 2.0.15 running
1663732839: mosquitto version 2.0.15 terminating
1663732839: Saving in-memory database to /mosquitto/data//mosquitto.db.
1663732842: mosquitto version 2.0.15 starting
1663732842: Config loaded from /mosquitto/config/mosquitto.conf.
1663732842: Opening ipv4 listen socket on port 1883.
1663732842: Opening ipv6 listen socket on port 1883.
1663732842: mosquitto version 2.0.15 running
1663733077: mosquitto version 2.0.15 terminating
1663733077: Saving in-memory database to /mosquitto/data//mosquitto.db.
1663733080: mosquitto version 2.0.15 starting
1663733080: Config loaded from /mosquitto/config/mosquitto.conf.
1663733080: Opening ipv4 listen socket on port 1883.
1663733080: Opening ipv6 listen socket on port 1883.
1663733080: mosquitto version 2.0.15 running
1663733093: mosquitto version 2.0.15 terminating
1663733093: Saving in-memory database to /mosquitto/data//mosquitto.db.
1663733095: mosquitto version 2.0.15 starting
1663733095: Config loaded from /mosquitto/config/mosquitto.conf.
1663733095: Opening ipv4 listen socket on port 1883.
1663733095: Opening ipv6 listen socket on port 1883.
1663733095: mosquitto version 2.0.15 running
1663734896: Saving in-memory database to /mosquitto/data//mosquitto.db.
1663736256: mosquitto version 2.0.15 terminating
1663736256: Saving in-memory database to /mosquitto/data//mosquitto.db.
1663736259: mosquitto version 2.0.15 starting
1663736259: Config loaded from /mosquitto/config/mosquitto.conf.
1663736259: Opening ipv4 listen socket on port 1883.
1663736259: Opening ipv6 listen socket on port 1883.
1663736259: mosquitto version 2.0.15 running
1663736442: mosquitto version 2.0.15 terminating
1663736442: Saving in-memory database to /mosquitto/data//mosquitto.db.
1663736444: mosquitto version 2.0.15 starting
1663736444: Config loaded from /mosquitto/config/mosquitto.conf.
1663736444: Opening ipv4 listen socket on port 1883.
1663736444: Opening ipv6 listen socket on port 1883.
1663736444: mosquitto version 2.0.15 running
1663738244: Saving in-memory database to /mosquitto/data//mosquitto.db.
1663740001: mosquitto version 2.0.15 terminating
1663740001: Saving in-memory database to /mosquitto/data//mosquitto.db.
1663740006: mosquitto version 2.0.15 starting
1663740006: Config loaded from /mosquitto/config/mosquitto.conf.
1663740006: Opening ipv4 listen socket on port 1883.
1663740006: Opening ipv6 listen socket on port 1883.
1663740006: mosquitto version 2.0.15 running
1663740207: mosquitto version 2.0.15 terminating
1663740207: Saving in-memory database to /mosquitto/data//mosquitto.db.
1663740209: mosquitto version 2.0.15 starting
1663740209: Config loaded from /mosquitto/config/mosquitto.conf.
1663740209: Opening ipv4 listen socket on port 1883.
1663740209: Opening ipv6 listen socket on port 1883.
1663740209: mosquitto version 2.0.15 running
1663740471: mosquitto version 2.0.15 terminating
1663740471: Saving in-memory database to /mosquitto/data//mosquitto.db.
1663740474: mosquitto version 2.0.15 starting
1663740474: Config loaded from /mosquitto/config/mosquitto.conf.
1663740474: Opening ipv4 listen socket on port 1883.
1663740474: Opening ipv6 listen socket on port 1883.
1663740474: mosquitto version 2.0.15 running
1663740768: mosquitto version 2.0.15 terminating
1663740768: Saving in-memory database to /mosquitto/data//mosquitto.db.
1663740771: mosquitto version 2.0.15 starting
1663740771: Config loaded from /mosquitto/config/mosquitto.conf.
1663740771: Opening ipv4 listen socket on port 1883.
1663740771: Opening ipv6 listen socket on port 1883.
1663740771: mosquitto version 2.0.15 running
1663740853: mosquitto version 2.0.15 terminating
1663740853: Saving in-memory database to /mosquitto/data//mosquitto.db.
1663740855: mosquitto version 2.0.15 starting
1663740855: Config loaded from /mosquitto/config/mosquitto.conf.
1663740855: Opening ipv4 listen socket on port 1883.
1663740855: Opening ipv6 listen socket on port 1883.
1663740855: mosquitto version 2.0.15 running
1663740911: mosquitto version 2.0.15 terminating
1663740911: Saving in-memory database to /mosquitto/data//mosquitto.db.
1663740920: mosquitto version 2.0.15 starting
1663740920: Config loaded from /mosquitto/config/mosquitto.conf.
1663740920: Opening ipv4 listen socket on port 1883.
1663740920: Opening ipv6 listen socket on port 1883.
1663740920: mosquitto version 2.0.15 running
1663740972: mosquitto version 2.0.15 terminating
1663740972: Saving in-memory database to /mosquitto/data//mosquitto.db.
1663740973: mosquitto version 2.0.15 starting
1663740973: Config loaded from /mosquitto/config/mosquitto.conf.
1663740973: Opening ipv4 listen socket on port 1883.
1663740973: Opening ipv6 listen socket on port 1883.
1663740973: mosquitto version 2.0.15 running
1663741036: mosquitto version 2.0.15 terminating
1663741036: Saving in-memory database to /mosquitto/data//mosquitto.db.
1663741038: mosquitto version 2.0.15 starting
1663741038: Config loaded from /mosquitto/config/mosquitto.conf.
1663741038: Opening ipv4 listen socket on port 1883.
1663741038: Opening ipv6 listen socket on port 1883.
1663741038: mosquitto version 2.0.15 running
1663741149: mosquitto version 2.0.15 terminating
1663741149: Saving in-memory database to /mosquitto/data//mosquitto.db.
1663741151: mosquitto version 2.0.15 starting
1663741151: Config loaded from /mosquitto/config/mosquitto.conf.
1663741151: Opening ipv4 listen socket on port 1883.
1663741151: Opening ipv6 listen socket on port 1883.
1663741151: mosquitto version 2.0.15 running
1663741253: mosquitto version 2.0.15 terminating
1663741253: Saving in-memory database to /mosquitto/data//mosquitto.db.
1663741256: mosquitto version 2.0.15 starting
1663741256: Config loaded from /mosquitto/config/mosquitto.conf.
1663741256: Opening ipv4 listen socket on port 1883.
1663741256: Opening ipv6 listen socket on port 1883.
1663741256: mosquitto version 2.0.15 running
1663741338: mosquitto version 2.0.15 terminating
1663741338: Saving in-memory database to /mosquitto/data//mosquitto.db.
1663741340: mosquitto version 2.0.15 starting
1663741340: Config loaded from /mosquitto/config/mosquitto.conf.
1663741340: Opening ipv4 listen socket on port 1883.
1663741340: Opening ipv6 listen socket on port 1883.
1663741340: mosquitto version 2.0.15 running
1663741977: mosquitto version 2.0.15 terminating
1663741977: Saving in-memory database to /mosquitto/data//mosquitto.db.
1663741980: mosquitto version 2.0.15 starting
1663741980: Config loaded from /mosquitto/config/mosquitto.conf.
1663741980: Opening ipv4 listen socket on port 1883.
1663741980: Opening ipv6 listen socket on port 1883.
1663741980: mosquitto version 2.0.15 running
1663742034: mosquitto version 2.0.15 terminating
1663742034: Saving in-memory database to /mosquitto/data//mosquitto.db.
1663742036: mosquitto version 2.0.15 starting
1663742036: Config loaded from /mosquitto/config/mosquitto.conf.
1663742036: Opening ipv4 listen socket on port 1883.
1663742036: Opening ipv6 listen socket on port 1883.
1663742036: mosquitto version 2.0.15 running
1663742381: mosquitto version 2.0.15 terminating
1663742381: Saving in-memory database to /mosquitto/data//mosquitto.db.
1663742383: mosquitto version 2.0.15 starting
1663742383: Config loaded from /mosquitto/config/mosquitto.conf.
1663742383: Opening ipv4 listen socket on port 1883.
1663742383: Opening ipv6 listen socket on port 1883.
1663742383: mosquitto version 2.0.15 running
1663743870: mosquitto version 2.0.15 terminating
1663743870: Saving in-memory database to /mosquitto/data//mosquitto.db.
1663743874: mosquitto version 2.0.15 starting
1663743874: Config loaded from /mosquitto/config/mosquitto.conf.
1663743874: Opening ipv4 listen socket on port 1883.
1663743874: Opening ipv6 listen socket on port 1883.
1663743874: mosquitto version 2.0.15 running
1663744206: mosquitto version 2.0.15 terminating
1663744206: Saving in-memory database to /mosquitto/data//mosquitto.db.
1663744223: mosquitto version 2.0.15 starting
1663744223: Config loaded from /mosquitto/config/mosquitto.conf.
1663744223: Opening ipv4 listen socket on port 1883.
1663744223: Opening ipv6 listen socket on port 1883.
1663744223: mosquitto version 2.0.15 running
1663744559: mosquitto version 2.0.15 terminating
1663744559: Saving in-memory database to /mosquitto/data//mosquitto.db.
1663744561: mosquitto version 2.0.15 starting
1663744561: Config loaded from /mosquitto/config/mosquitto.conf.
1663744561: Opening ipv4 listen socket on port 1883.
1663744561: Opening ipv6 listen socket on port 1883.
1663744561: mosquitto version 2.0.15 running
1663744667: mosquitto version 2.0.15 terminating
1663744667: Saving in-memory database to /mosquitto/data//mosquitto.db.
1663744670: mosquitto version 2.0.15 starting
1663744670: Config loaded from /mosquitto/config/mosquitto.conf.
1663744670: Opening ipv4 listen socket on port 1883.
1663744670: Opening ipv6 listen socket on port 1883.
1663744670: mosquitto version 2.0.15 running
1663744727: mosquitto version 2.0.15 terminating
1663744727: Saving in-memory database to /mosquitto/data//mosquitto.db.
1663744729: mosquitto version 2.0.15 starting
1663744729: Config loaded from /mosquitto/config/mosquitto.conf.
1663744729: Opening ipv4 listen socket on port 1883.
1663744729: Opening ipv6 listen socket on port 1883.
1663744729: mosquitto version 2.0.15 running
1663746529: Saving in-memory database to /mosquitto/data//mosquitto.db.
1663748330: Saving in-memory database to /mosquitto/data//mosquitto.db.
1663750131: Saving in-memory database to /mosquitto/data//mosquitto.db.
1663750942: mosquitto version 2.0.15 terminating
1663750942: Saving in-memory database to /mosquitto/data//mosquitto.db.
1663750974: mosquitto version 2.0.15 starting
1663750974: Config loaded from /mosquitto/config/mosquitto.conf.
1663750974: Opening ipv4 listen socket on port 1883.
1663750974: Opening ipv6 listen socket on port 1883.
1663750974: mosquitto version 2.0.15 running
1663750983: mosquitto version 2.0.15 terminating
1663750983: Saving in-memory database to /mosquitto/data//mosquitto.db.
1663751096: mosquitto version 2.0.15 starting
1663751096: Config loaded from /mosquitto/config/mosquitto.conf.
1663751096: Opening ipv4 listen socket on port 1883.
1663751096: Opening ipv6 listen socket on port 1883.
1663751096: mosquitto version 2.0.15 running
1663752897: Saving in-memory database to /mosquitto/data//mosquitto.db.
1663801252: mosquitto version 2.0.15 starting
1663801252: Config loaded from /mosquitto/config/mosquitto.conf.
1663801252: Opening ipv4 listen socket on port 1883.
1663801252: Opening ipv6 listen socket on port 1883.
1663801252: mosquitto version 2.0.15 running
1663801676: mosquitto version 2.0.15 terminating
1663801676: Saving in-memory database to /mosquitto/data//mosquitto.db.
1663801768: mosquitto version 2.0.15 starting
1663801768: Config loaded from /mosquitto/config/mosquitto.conf.
1663801768: Opening ipv4 listen socket on port 1883.
1663801768: Opening ipv6 listen socket on port 1883.
1663801768: mosquitto version 2.0.15 running
1663803569: Saving in-memory database to /mosquitto/data//mosquitto.db.
1663805370: Saving in-memory database to /mosquitto/data//mosquitto.db.
1663807171: Saving in-memory database to /mosquitto/data//mosquitto.db.
1663808972: Saving in-memory database to /mosquitto/data//mosquitto.db.
1663810773: Saving in-memory database to /mosquitto/data//mosquitto.db.
1663812573: Saving in-memory database to /mosquitto/data//mosquitto.db.
1663813288: mosquitto version 2.0.15 terminating
1663813288: Saving in-memory database to /mosquitto/data//mosquitto.db.
1663813290: mosquitto version 2.0.15 starting
1663813290: Config loaded from /mosquitto/config/mosquitto.conf.
1663813290: Opening ipv4 listen socket on port 1883.
1663813290: Opening ipv6 listen socket on port 1883.
1663813290: mosquitto version 2.0.15 running
1663815091: Saving in-memory database to /mosquitto/data//mosquitto.db.
1663816891: Saving in-memory database to /mosquitto/data//mosquitto.db.
1663818692: Saving in-memory database to /mosquitto/data//mosquitto.db.
1663820493: Saving in-memory database to /mosquitto/data//mosquitto.db.
1663822294: Saving in-memory database to /mosquitto/data//mosquitto.db.
1663822721: mosquitto version 2.0.15 terminating
1663822721: Saving in-memory database to /mosquitto/data//mosquitto.db.
1663822751: mosquitto version 2.0.15 starting
1663822751: Config loaded from /mosquitto/config/mosquitto.conf.
1663822751: Opening ipv4 listen socket on port 1883.
1663822751: Opening ipv6 listen socket on port 1883.
1663822751: mosquitto version 2.0.15 running
1663823010: mosquitto version 2.0.15 terminating
1663823010: Saving in-memory database to /mosquitto/data//mosquitto.db.
1663823021: mosquitto version 2.0.15 starting
1663823021: Config loaded from /mosquitto/config/mosquitto.conf.
1663823021: Opening ipv4 listen socket on port 1883.
1663823021: Opening ipv6 listen socket on port 1883.
1663823021: mosquitto version 2.0.15 running
1663824821: Saving in-memory database to /mosquitto/data//mosquitto.db.
1663826623: Saving in-memory database to /mosquitto/data//mosquitto.db.
1663828423: Saving in-memory database to /mosquitto/data//mosquitto.db.
1663830224: Saving in-memory database to /mosquitto/data//mosquitto.db.
1663832025: Saving in-memory database to /mosquitto/data//mosquitto.db.
1663833826: Saving in-memory database to /mosquitto/data//mosquitto.db.
1663835628: Saving in-memory database to /mosquitto/data//mosquitto.db.
1663837429: Saving in-memory database to /mosquitto/data//mosquitto.db.
1663839229: Saving in-memory database to /mosquitto/data//mosquitto.db.
1663840697: mosquitto version 2.0.15 terminating
1663840697: Saving in-memory database to /mosquitto/data//mosquitto.db.
1663840761: mosquitto version 2.0.15 starting
1663840761: Config loaded from /mosquitto/config/mosquitto.conf.
1663840761: Opening ipv4 listen socket on port 1883.
1663840761: Opening ipv6 listen socket on port 1883.
1663840761: mosquitto version 2.0.15 running
1663842561: Saving in-memory database to /mosquitto/data//mosquitto.db.
1663842832: mosquitto version 2.0.15 terminating
1663842832: Saving in-memory database to /mosquitto/data//mosquitto.db.
